::1 - - [11/Nov/2023:22:17:43 +0000] "GET /login HTTP/1.1" 404 144 "-" "PostmanRuntime/7.32.2"
::1 - - [11/Nov/2023:22:17:49 +0000] "GET /api/login HTTP/1.1" 404 148 "-" "PostmanRuntime/7.32.2"
::1 - - [11/Nov/2023:22:18:17 +0000] "POST /api/login HTTP/1.1" 400 41 "-" "PostmanRuntime/7.32.2"
::1 - - [11/Nov/2023:22:18:24 +0000] "POST /login HTTP/1.1" 404 145 "-" "PostmanRuntime/7.32.2"
::1 - - [11/Nov/2023:22:18:27 +0000] "POST /api/login HTTP/1.1" 400 41 "-" "PostmanRuntime/7.32.2"
::1 - - [11/Nov/2023:22:21:54 +0000] "POST /api/login HTTP/1.1" 400 41 "-" "PostmanRuntime/7.32.2"
::1 - - [11/Nov/2023:22:22:46 +0000] "POST /api/login HTTP/1.1" 400 44 "-" "PostmanRuntime/7.32.2"
::1 - - [11/Nov/2023:22:23:01 +0000] "POST /api/login HTTP/1.1" 500 35 "-" "PostmanRuntime/7.32.2"
::1 - - [11/Nov/2023:22:23:33 +0000] "POST /api/login HTTP/1.1" 500 35 "-" "PostmanRuntime/7.32.2"
::1 - - [11/Nov/2023:22:24:42 +0000] "POST /api/login HTTP/1.1" 500 35 "-" "PostmanRuntime/7.32.2"
::1 - - [11/Nov/2023:22:28:00 +0000] "POST /api/login HTTP/1.1" 401 33 "-" "PostmanRuntime/7.32.2"
::1 - - [11/Nov/2023:22:28:04 +0000] "POST /api/login HTTP/1.1" 200 205 "-" "PostmanRuntime/7.32.2"
::1 - - [11/Nov/2023:22:39:59 +0000] "POST /api/login HTTP/1.1" 400 32 "-" "PostmanRuntime/7.32.2"
::1 - - [11/Nov/2023:22:40:56 +0000] "POST /api/login HTTP/1.1" 200 205 "-" "PostmanRuntime/7.32.2"
::1 - - [11/Nov/2023:22:48:46 +0000] "POST /api/login HTTP/1.1" 400 32 "-" "PostmanRuntime/7.32.2"
::1 - - [11/Nov/2023:22:48:54 +0000] "POST /api/login HTTP/1.1" 400 1198 "-" "PostmanRuntime/7.32.2"
::1 - - [11/Nov/2023:22:49:15 +0000] "POST /api/login HTTP/1.1" 200 205 "-" "PostmanRuntime/7.32.2"
::1 - - [11/Nov/2023:22:49:47 +0000] "POST /api/login HTTP/1.1" 400 44 "-" "PostmanRuntime/7.32.2"
::1 - - [11/Nov/2023:22:49:55 +0000] "POST /api/login HTTP/1.1" 400 1198 "-" "PostmanRuntime/7.32.2"
::1 - - [11/Nov/2023:22:50:06 +0000] "POST /api/login HTTP/1.1" 200 205 "-" "PostmanRuntime/7.32.2"
::1 - - [24/Nov/2023:16:11:41 +0000] "POST /api/createAdmin HTTP/1.1" 500 1430 "-" "PostmanRuntime/7.35.0"
::1 - - [24/Nov/2023:16:12:28 +0000] "POST /api/createAdmin HTTP/1.1" 500 671 "-" "PostmanRuntime/7.35.0"
::1 - - [24/Nov/2023:16:14:39 +0000] "POST /api/createAdmin HTTP/1.1" 500 374 "-" "PostmanRuntime/7.35.0"
::1 - - [24/Nov/2023:16:14:55 +0000] "POST /api/createAdmin HTTP/1.1" 200 - "-" "PostmanRuntime/7.35.0"
::1 - - [24/Nov/2023:16:19:22 +0000] "POST /api/createAdmin HTTP/1.1" 500 127 "-" "PostmanRuntime/7.35.0"
::1 - - [24/Nov/2023:16:20:26 +0000] "POST /api/createAdmin HTTP/1.1" 200 - "-" "PostmanRuntime/7.35.0"
::1 - - [24/Nov/2023:16:31:35 +0000] "POST /api/createAdmin HTTP/1.1" 200 - "-" "PostmanRuntime/7.35.0"
::1 - - [24/Nov/2023:16:33:04 +0000] "POST /api/login HTTP/1.1" 400 41 "-" "PostmanRuntime/7.35.0"
::1 - - [24/Nov/2023:16:33:22 +0000] "GET /api/login HTTP/1.1" 404 148 "-" "PostmanRuntime/7.35.0"
::1 - - [24/Nov/2023:16:34:09 +0000] "POST /api/login HTTP/1.1" 200 204 "-" "PostmanRuntime/7.35.0"
::1 - - [01/Dec/2023:17:03:39 +0000] "POST /api/createPost HTTP/1.1" 500 495 "-" "PostmanRuntime/7.35.0"
::1 - - [01/Dec/2023:17:04:00 +0000] "POST /api/createPost HTTP/1.1" 500 469 "-" "PostmanRuntime/7.35.0"
::1 - - [01/Dec/2023:17:04:20 +0000] "POST /api/createPost HTTP/1.1" 500 469 "-" "PostmanRuntime/7.35.0"
::1 - - [01/Dec/2023:17:05:41 +0000] "POST /api/createPost HTTP/1.1" 500 495 "-" "PostmanRuntime/7.35.0"
::1 - - [01/Dec/2023:17:06:39 +0000] "POST /api/createPost HTTP/1.1" 400 1007 "-" "PostmanRuntime/7.35.0"
::1 - - [01/Dec/2023:17:11:13 +0000] "POST /api/createPost HTTP/1.1" 200 38 "-" "PostmanRuntime/7.35.0"
::1 - - [01/Dec/2023:17:28:43 +0000] "POST /api/createPost HTTP/1.1" 500 48 "-" "PostmanRuntime/7.35.0"
::1 - - [01/Dec/2023:17:30:03 +0000] "POST /api/createPost HTTP/1.1" 500 48 "-" "PostmanRuntime/7.35.0"
::1 - - [01/Dec/2023:17:32:17 +0000] "POST /api/createPost HTTP/1.1" 200 38 "-" "PostmanRuntime/7.35.0"
::1 - - [01/Dec/2023:17:32:30 +0000] "POST /api/createPost HTTP/1.1" 500 428 "-" "PostmanRuntime/7.35.0"
::1 - - [01/Dec/2023:17:35:09 +0000] "POST /api/createPost HTTP/1.1" 500 1401 "-" "PostmanRuntime/7.35.0"
::1 - - [01/Dec/2023:17:35:18 +0000] "POST /api/createPost HTTP/1.1" 500 1401 "-" "PostmanRuntime/7.35.0"
::1 - - [01/Dec/2023:17:36:52 +0000] "POST /api/createPost HTTP/1.1" 500 428 "-" "PostmanRuntime/7.35.0"
